lun nov 18 13:59:06 CET 2013
Borrando archivo antiguo `readme.md'
Enviando archivo `readme.md'
Replicando directorio `gcm'
Borrando archivo antiguo `gcm/readme.dox'
Enviando archivo `gcm/readme.dox'
Replicando directorio `gcm/DATOS'
Replicando directorio `gcm/DATOS/config'
Replicando directorio `gcm/DATOS/config/administradores'
Replicando directorio `gcm/DATOS/copiaSeguridad'
Replicando directorio `gcm/DATOS/copiaSeguridad/panel'
Replicando directorio `gcm/DATOS/idiomas'
Borrando archivo antiguo `gcm/DATOS/idiomas/GCM_LG_es.php'
Enviando archivo `gcm/DATOS/idiomas/GCM_LG_es.php'
Replicando directorio `gcm/lib'
Replicando directorio `gcm/lib/ext'
Replicando directorio `gcm/lib/ext/detectar_navegador'
Replicando directorio `gcm/lib/ext/geshi'
Replicando directorio `gcm/lib/ext/geshi/contrib'
Replicando directorio `gcm/lib/ext/geshi/geshi'
Replicando directorio `gcm/lib/ext/jquery'
Borrando archivo antiguo `gcm/lib/ext/jquery/jquery.js'
Enviando archivo `gcm/lib/ext/jquery/jquery.js'
Replicando directorio `gcm/lib/ext/jquery/datatable'
Borrando archivo antiguo `gcm/lib/ext/jquery/datatable/jquery.dataTables.css'
Enviando archivo `gcm/lib/ext/jquery/datatable/jquery.dataTables.css'
Borrando archivo antiguo `gcm/lib/ext/jquery/datatable/jquery.dataTables.js'
Enviando archivo `gcm/lib/ext/jquery/datatable/jquery.dataTables.js'
Replicando directorio `gcm/lib/ext/phpMailer'
Replicando directorio `gcm/lib/ext/phpMailer/language'
Replicando directorio `gcm/lib/ext/tiny_mce'
Borrando archivo antiguo `gcm/lib/ext/tiny_mce/license.txt'
Enviando archivo `gcm/lib/ext/tiny_mce/license.txt'
Borrando archivo antiguo `gcm/lib/ext/tiny_mce/tiny_mce_src.js'
Enviando archivo `gcm/lib/ext/tiny_mce/tiny_mce_src.js'
Replicando directorio `gcm/lib/ext/tiny_mce/langs'
Replicando directorio `gcm/lib/ext/tiny_mce/plugins'
Replicando directorio `gcm/lib/ext/tiny_mce/plugins/advhr'
Borrando archivo antiguo `gcm/lib/ext/tiny_mce/plugins/advhr/editor_plugin_src.js'
Enviando archivo `gcm/lib/ext/tiny_mce/plugins/advhr/editor_plugin_src.js'
Borrando archivo antiguo `gcm/lib/ext/tiny_mce/plugins/advhr/rule.htm'
Enviando archivo `gcm/lib/ext/tiny_mce/plugins/advhr/rule.htm'
Replicando directorio `gcm/lib/ext/tiny_mce/plugins/advhr/css'
Borrando archivo antiguo `gcm/lib/ext/tiny_mce/plugins/advhr/css/advhr.css'
Enviando archivo `gcm/lib/ext/tiny_mce/plugins/advhr/css/advhr.css'
lunes 18 de noviembre del 2013 total_archivos_bloqueados: 
Replicando directorio `gcm/lib/ext/tiny_mce/plugins/advhr/js'
Borrando archivo antiguo `gcm/lib/ext/tiny_mce/plugins/advhr/js/rule.js'
Enviando archivo `gcm/lib/ext/tiny_mce/plugins/advhr/js/rule.js'
Replicando directorio `gcm/lib/ext/tiny_mce/plugins/advhr/langs'
Replicando directorio `gcm/lib/ext/tiny_mce/plugins/advimage'
Borrando archivo antiguo `gcm/lib/ext/tiny_mce/plugins/advimage/editor_plugin_src.js'
Enviando archivo `gcm/lib/ext/tiny_mce/plugins/advimage/editor_plugin_src.js'
Borrando archivo antiguo `gcm/lib/ext/tiny_mce/plugins/advimage/image.htm'
Enviando archivo `gcm/lib/ext/tiny_mce/plugins/advimage/image.htm'
Replicando directorio `gcm/lib/ext/tiny_mce/plugins/advimage/css'
Borrando archivo antiguo `gcm/lib/ext/tiny_mce/plugins/advimage/css/advimage.css'
Enviando archivo `gcm/lib/ext/tiny_mce/plugins/advimage/css/advimage.css'
Replicando directorio `gcm/lib/ext/tiny_mce/plugins/advimage/img'
Replicando directorio `gcm/lib/ext/tiny_mce/plugins/advimage/js'
Borrando archivo antiguo `gcm/lib/ext/tiny_mce/plugins/advimage/js/image.js'
Enviando archivo `gcm/lib/ext/tiny_mce/plugins/advimage/js/image.js'
Replicando directorio `gcm/lib/ext/tiny_mce/plugins/advimage/langs'
Replicando directorio `gcm/lib/ext/tiny_mce/plugins/advlink'
Borrando archivo antiguo `gcm/lib/ext/tiny_mce/plugins/advlink/editor_plugin_src.js'
Enviando archivo `gcm/lib/ext/tiny_mce/plugins/advlink/editor_plugin_src.js'
Borrando archivo antiguo `gcm/lib/ext/tiny_mce/plugins/advlink/link.htm'
Enviando archivo `gcm/lib/ext/tiny_mce/plugins/advlink/link.htm'
Replicando directorio `gcm/lib/ext/tiny_mce/plugins/advlink/css'
Borrando archivo antiguo `gcm/lib/ext/tiny_mce/plugins/advlink/css/advlink.css'
Enviando archivo `gcm/lib/ext/tiny_mce/plugins/advlink/css/advlink.css'
Replicando directorio `gcm/lib/ext/tiny_mce/plugins/advlink/js'
Borrando archivo antiguo `gcm/lib/ext/tiny_mce/plugins/advlink/js/advlink.js'
Enviando archivo `gcm/lib/ext/tiny_mce/plugins/advlink/js/advlink.js'
Replicando directorio `gcm/lib/ext/tiny_mce/plugins/advlink/langs'
Replicando directorio `gcm/lib/ext/tiny_mce/plugins/advlist'
Borrando archivo antiguo `gcm/lib/ext/tiny_mce/plugins/advlist/editor_plugin_src.js'
Enviando archivo `gcm/lib/ext/tiny_mce/plugins/advlist/editor_plugin_src.js'
Replicando directorio `gcm/lib/ext/tiny_mce/plugins/autolink'
Replicando directorio `gcm/lib/ext/tiny_mce/plugins/autoresize'
Replicando directorio `gcm/lib/ext/tiny_mce/plugins/autosave'
Borrando archivo antiguo `gcm/lib/ext/tiny_mce/plugins/autosave/editor_plugin_src.js'
Enviando archivo `gcm/lib/ext/tiny_mce/plugins/autosave/editor_plugin_src.js'
Replicando directorio `gcm/lib/ext/tiny_mce/plugins/bbcode'
Borrando archivo antiguo `gcm/lib/ext/tiny_mce/plugins/bbcode/editor_plugin_src.js'
Enviando archivo `gcm/lib/ext/tiny_mce/plugins/bbcode/editor_plugin_src.js'
Replicando directorio `gcm/lib/ext/tiny_mce/plugins/contextmenu'
Borrando archivo antiguo `gcm/lib/ext/tiny_mce/plugins/contextmenu/editor_plugin_src.js'
Enviando archivo `gcm/lib/ext/tiny_mce/plugins/contextmenu/editor_plugin_src.js'
Replicando directorio `gcm/lib/ext/tiny_mce/plugins/directionality'
Borrando archivo antiguo `gcm/lib/ext/tiny_mce/plugins/directionality/editor_plugin_src.js'
Enviando archivo `gcm/lib/ext/tiny_mce/plugins/directionality/editor_plugin_src.js'
Replicando directorio `gcm/lib/ext/tiny_mce/plugins/emotions'
Borrando archivo antiguo `gcm/lib/ext/tiny_mce/plugins/emotions/editor_plugin_src.js'
Enviando archivo `gcm/lib/ext/tiny_mce/plugins/emotions/editor_plugin_src.js'
Borrando archivo antiguo `gcm/lib/ext/tiny_mce/plugins/emotions/emotions.htm'
Enviando archivo `gcm/lib/ext/tiny_mce/plugins/emotions/emotions.htm'
Replicando directorio `gcm/lib/ext/tiny_mce/plugins/emotions/img'
Replicando directorio `gcm/lib/ext/tiny_mce/plugins/emotions/js'
Borrando archivo antiguo `gcm/lib/ext/tiny_mce/plugins/emotions/js/emotions.js'
Enviando archivo `gcm/lib/ext/tiny_mce/plugins/emotions/js/emotions.js'
Replicando directorio `gcm/lib/ext/tiny_mce/plugins/emotions/langs'
Replicando directorio `gcm/lib/ext/tiny_mce/plugins/example'
Borrando archivo antiguo `gcm/lib/ext/tiny_mce/plugins/example/dialog.htm'
Enviando archivo `gcm/lib/ext/tiny_mce/plugins/example/dialog.htm'
Borrando archivo antiguo `gcm/lib/ext/tiny_mce/plugins/example/editor_plugin_src.js'
Enviando archivo `gcm/lib/ext/tiny_mce/plugins/example/editor_plugin_src.js'
Replicando directorio `gcm/lib/ext/tiny_mce/plugins/example/img'
Replicando directorio `gcm/lib/ext/tiny_mce/plugins/example/js'
Borrando archivo antiguo `gcm/lib/ext/tiny_mce/plugins/example/js/dialog.js'
Enviando archivo `gcm/lib/ext/tiny_mce/plugins/example/js/dialog.js'
Replicando directorio `gcm/lib/ext/tiny_mce/plugins/example/langs'
Borrando archivo antiguo `gcm/lib/ext/tiny_mce/plugins/example/langs/en.js'
Enviando archivo `gcm/lib/ext/tiny_mce/plugins/example/langs/en.js'
Borrando archivo antiguo `gcm/lib/ext/tiny_mce/plugins/example/langs/en_dlg.js'
Enviando archivo `gcm/lib/ext/tiny_mce/plugins/example/langs/en_dlg.js'
Replicando directorio `gcm/lib/ext/tiny_mce/plugins/example_dependency'
Replicando directorio `gcm/lib/ext/tiny_mce/plugins/fullpage'
Borrando archivo antiguo `gcm/lib/ext/tiny_mce/plugins/fullpage/editor_plugin_src.js'
Enviando archivo `gcm/lib/ext/tiny_mce/plugins/fullpage/editor_plugin_src.js'
Borrando archivo antiguo `gcm/lib/ext/tiny_mce/plugins/fullpage/fullpage.htm'
Enviando archivo `gcm/lib/ext/tiny_mce/plugins/fullpage/fullpage.htm'
Replicando directorio `gcm/lib/ext/tiny_mce/plugins/fullpage/css'
Borrando archivo antiguo `gcm/lib/ext/tiny_mce/plugins/fullpage/css/fullpage.css'
Enviando archivo `gcm/lib/ext/tiny_mce/plugins/fullpage/css/fullpage.css'
Replicando directorio `gcm/lib/ext/tiny_mce/plugins/fullpage/js'
Borrando archivo antiguo `gcm/lib/ext/tiny_mce/plugins/fullpage/js/fullpage.js'
Enviando archivo `gcm/lib/ext/tiny_mce/plugins/fullpage/js/fullpage.js'
Replicando directorio `gcm/lib/ext/tiny_mce/plugins/fullpage/langs'
Replicando directorio `gcm/lib/ext/tiny_mce/plugins/fullscreen'
Borrando archivo antiguo `gcm/lib/ext/tiny_mce/plugins/fullscreen/editor_plugin_src.js'
Enviando archivo `gcm/lib/ext/tiny_mce/plugins/fullscreen/editor_plugin_src.js'
Borrando archivo antiguo `gcm/lib/ext/tiny_mce/plugins/fullscreen/fullscreen.htm'
Enviando archivo `gcm/lib/ext/tiny_mce/plugins/fullscreen/fullscreen.htm'
Replicando directorio `gcm/lib/ext/tiny_mce/plugins/iespell'
Borrando archivo antiguo `gcm/lib/ext/tiny_mce/plugins/iespell/editor_plugin_src.js'
Enviando archivo `gcm/lib/ext/tiny_mce/plugins/iespell/editor_plugin_src.js'
Replicando directorio `gcm/lib/ext/tiny_mce/plugins/inlinepopups'
Borrando archivo antiguo `gcm/lib/ext/tiny_mce/plugins/inlinepopups/editor_plugin_src.js'
Enviando archivo `gcm/lib/ext/tiny_mce/plugins/inlinepopups/editor_plugin_src.js'
lunes 18 de noviembre del 2013 total_archivos_bloqueados: 
Borrando archivo antiguo `gcm/lib/ext/tiny_mce/plugins/inlinepopups/template.htm'
Enviando archivo `gcm/lib/ext/tiny_mce/plugins/inlinepopups/template.htm'
Replicando directorio `gcm/lib/ext/tiny_mce/plugins/inlinepopups/skins'
Replicando directorio `gcm/lib/ext/tiny_mce/plugins/inlinepopups/skins/clearlooks2'
Replicando directorio `gcm/lib/ext/tiny_mce/plugins/inlinepopups/skins/clearlooks2/img'
Replicando directorio `gcm/lib/ext/tiny_mce/plugins/insertdatetime'
Borrando archivo antiguo `gcm/lib/ext/tiny_mce/plugins/insertdatetime/editor_plugin_src.js'
Enviando archivo `gcm/lib/ext/tiny_mce/plugins/insertdatetime/editor_plugin_src.js'
Replicando directorio `gcm/lib/ext/tiny_mce/plugins/layer'
Borrando archivo antiguo `gcm/lib/ext/tiny_mce/plugins/layer/editor_plugin_src.js'
Enviando archivo `gcm/lib/ext/tiny_mce/plugins/layer/editor_plugin_src.js'
lunes 18 de noviembre del 2013 total_archivos_bloqueados: 
Replicando directorio `gcm/lib/ext/tiny_mce/plugins/legacyoutput'
Borrando archivo antiguo `gcm/lib/ext/tiny_mce/plugins/legacyoutput/editor_plugin_src.js'
Enviando archivo `gcm/lib/ext/tiny_mce/plugins/legacyoutput/editor_plugin_src.js'
Replicando directorio `gcm/lib/ext/tiny_mce/plugins/lists'
Replicando directorio `gcm/lib/ext/tiny_mce/plugins/media'
Borrando archivo antiguo `gcm/lib/ext/tiny_mce/plugins/media/editor_plugin_src.js'
Enviando archivo `gcm/lib/ext/tiny_mce/plugins/media/editor_plugin_src.js'
Borrando archivo antiguo `gcm/lib/ext/tiny_mce/plugins/media/media.htm'
Enviando archivo `gcm/lib/ext/tiny_mce/plugins/media/media.htm'
Replicando directorio `gcm/lib/ext/tiny_mce/plugins/media/css'
Borrando archivo antiguo `gcm/lib/ext/tiny_mce/plugins/media/css/media.css'
Enviando archivo `gcm/lib/ext/tiny_mce/plugins/media/css/media.css'
Replicando directorio `gcm/lib/ext/tiny_mce/plugins/media/js'
Borrando archivo antiguo `gcm/lib/ext/tiny_mce/plugins/media/js/embed.js'
Enviando archivo `gcm/lib/ext/tiny_mce/plugins/media/js/embed.js'
Borrando archivo antiguo `gcm/lib/ext/tiny_mce/plugins/media/js/media.js'
Enviando archivo `gcm/lib/ext/tiny_mce/plugins/media/js/media.js'
Replicando directorio `gcm/lib/ext/tiny_mce/plugins/media/langs'
Replicando directorio `gcm/lib/ext/tiny_mce/plugins/nonbreaking'
Borrando archivo antiguo `gcm/lib/ext/tiny_mce/plugins/nonbreaking/editor_plugin_src.js'
Enviando archivo `gcm/lib/ext/tiny_mce/plugins/nonbreaking/editor_plugin_src.js'
Replicando directorio `gcm/lib/ext/tiny_mce/plugins/noneditable'
Borrando archivo antiguo `gcm/lib/ext/tiny_mce/plugins/noneditable/editor_plugin_src.js'
Enviando archivo `gcm/lib/ext/tiny_mce/plugins/noneditable/editor_plugin_src.js'
Replicando directorio `gcm/lib/ext/tiny_mce/plugins/pagebreak'
Borrando archivo antiguo `gcm/lib/ext/tiny_mce/plugins/pagebreak/editor_plugin_src.js'
Enviando archivo `gcm/lib/ext/tiny_mce/plugins/pagebreak/editor_plugin_src.js'
Replicando directorio `gcm/lib/ext/tiny_mce/plugins/paste'
Borrando archivo antiguo `gcm/lib/ext/tiny_mce/plugins/paste/editor_plugin_src.js'
Enviando archivo `gcm/lib/ext/tiny_mce/plugins/paste/editor_plugin_src.js'
Borrando archivo antiguo `gcm/lib/ext/tiny_mce/plugins/paste/pastetext.htm'
Enviando archivo `gcm/lib/ext/tiny_mce/plugins/paste/pastetext.htm'
Borrando archivo antiguo `gcm/lib/ext/tiny_mce/plugins/paste/pasteword.htm'
Enviando archivo `gcm/lib/ext/tiny_mce/plugins/paste/pasteword.htm'
Replicando directorio `gcm/lib/ext/tiny_mce/plugins/paste/js'
Borrando archivo antiguo `gcm/lib/ext/tiny_mce/plugins/paste/js/pastetext.js'
Enviando archivo `gcm/lib/ext/tiny_mce/plugins/paste/js/pastetext.js'
Borrando archivo antiguo `gcm/lib/ext/tiny_mce/plugins/paste/js/pasteword.js'
Enviando archivo `gcm/lib/ext/tiny_mce/plugins/paste/js/pasteword.js'
Replicando directorio `gcm/lib/ext/tiny_mce/plugins/paste/langs'
Replicando directorio `gcm/lib/ext/tiny_mce/plugins/preview'
Borrando archivo antiguo `gcm/lib/ext/tiny_mce/plugins/preview/example.html'
Enviando archivo `gcm/lib/ext/tiny_mce/plugins/preview/example.html'
Borrando archivo antiguo `gcm/lib/ext/tiny_mce/plugins/preview/preview.html'
Enviando archivo `gcm/lib/ext/tiny_mce/plugins/preview/preview.html'
Replicando directorio `gcm/lib/ext/tiny_mce/plugins/preview/jscripts'
Borrando archivo antiguo `gcm/lib/ext/tiny_mce/plugins/preview/jscripts/embed.js'
Enviando archivo `gcm/lib/ext/tiny_mce/plugins/preview/jscripts/embed.js'
Replicando directorio `gcm/lib/ext/tiny_mce/plugins/print'
Borrando archivo antiguo `gcm/lib/ext/tiny_mce/plugins/print/editor_plugin_src.js'
Enviando archivo `gcm/lib/ext/tiny_mce/plugins/print/editor_plugin_src.js'
Replicando directorio `gcm/lib/ext/tiny_mce/plugins/save'
Borrando archivo antiguo `gcm/lib/ext/tiny_mce/plugins/save/editor_plugin_src.js'
Enviando archivo `gcm/lib/ext/tiny_mce/plugins/save/editor_plugin_src.js'
Replicando directorio `gcm/lib/ext/tiny_mce/plugins/searchreplace'
Borrando archivo antiguo `gcm/lib/ext/tiny_mce/plugins/searchreplace/editor_plugin_src.js'
Enviando archivo `gcm/lib/ext/tiny_mce/plugins/searchreplace/editor_plugin_src.js'
Borrando archivo antiguo `gcm/lib/ext/tiny_mce/plugins/searchreplace/searchreplace.htm'
Enviando archivo `gcm/lib/ext/tiny_mce/plugins/searchreplace/searchreplace.htm'
Replicando directorio `gcm/lib/ext/tiny_mce/plugins/searchreplace/css'
Borrando archivo antiguo `gcm/lib/ext/tiny_mce/plugins/searchreplace/css/searchreplace.css'
Enviando archivo `gcm/lib/ext/tiny_mce/plugins/searchreplace/css/searchreplace.css'
Replicando directorio `gcm/lib/ext/tiny_mce/plugins/searchreplace/js'
Borrando archivo antiguo `gcm/lib/ext/tiny_mce/plugins/searchreplace/js/searchreplace.js'
Enviando archivo `gcm/lib/ext/tiny_mce/plugins/searchreplace/js/searchreplace.js'
Replicando directorio `gcm/lib/ext/tiny_mce/plugins/searchreplace/langs'
Replicando directorio `gcm/lib/ext/tiny_mce/plugins/spellchecker'
Borrando archivo antiguo `gcm/lib/ext/tiny_mce/plugins/spellchecker/editor_plugin_src.js'
Enviando archivo `gcm/lib/ext/tiny_mce/plugins/spellchecker/editor_plugin_src.js'
Replicando directorio `gcm/lib/ext/tiny_mce/plugins/spellchecker/css'
Borrando archivo antiguo `gcm/lib/ext/tiny_mce/plugins/spellchecker/css/content.css'
Enviando archivo `gcm/lib/ext/tiny_mce/plugins/spellchecker/css/content.css'
Replicando directorio `gcm/lib/ext/tiny_mce/plugins/spellchecker/img'
Replicando directorio `gcm/lib/ext/tiny_mce/plugins/style'
Borrando archivo antiguo `gcm/lib/ext/tiny_mce/plugins/style/editor_plugin_src.js'
Enviando archivo `gcm/lib/ext/tiny_mce/plugins/style/editor_plugin_src.js'
Replicando directorio `gcm/lib/ext/tiny_mce/plugins/style/css'
Borrando archivo antiguo `gcm/lib/ext/tiny_mce/plugins/style/css/props.css'
Enviando archivo `gcm/lib/ext/tiny_mce/plugins/style/css/props.css'
Replicando directorio `gcm/lib/ext/tiny_mce/plugins/style/js'
Borrando archivo antiguo `gcm/lib/ext/tiny_mce/plugins/style/js/props.js'
Enviando archivo `gcm/lib/ext/tiny_mce/plugins/style/js/props.js'
Replicando directorio `gcm/lib/ext/tiny_mce/plugins/style/langs'
Replicando directorio `gcm/lib/ext/tiny_mce/plugins/tabfocus'
Replicando directorio `gcm/lib/ext/tiny_mce/plugins/table'
Borrando archivo antiguo `gcm/lib/ext/tiny_mce/plugins/table/cell.htm'
Enviando archivo `gcm/lib/ext/tiny_mce/plugins/table/cell.htm'
Borrando archivo antiguo `gcm/lib/ext/tiny_mce/plugins/table/merge_cells.htm'
Enviando archivo `gcm/lib/ext/tiny_mce/plugins/table/merge_cells.htm'
Borrando archivo antiguo `gcm/lib/ext/tiny_mce/plugins/table/row.htm'
Enviando archivo `gcm/lib/ext/tiny_mce/plugins/table/row.htm'
Borrando archivo antiguo `gcm/lib/ext/tiny_mce/plugins/table/table.htm'
Enviando archivo `gcm/lib/ext/tiny_mce/plugins/table/table.htm'
Replicando directorio `gcm/lib/ext/tiny_mce/plugins/table/css'
Borrando archivo antiguo `gcm/lib/ext/tiny_mce/plugins/table/css/cell.css'
Enviando archivo `gcm/lib/ext/tiny_mce/plugins/table/css/cell.css'
Borrando archivo antiguo `gcm/lib/ext/tiny_mce/plugins/table/css/row.css'
Enviando archivo `gcm/lib/ext/tiny_mce/plugins/table/css/row.css'
Borrando archivo antiguo `gcm/lib/ext/tiny_mce/plugins/table/css/table.css'
Enviando archivo `gcm/lib/ext/tiny_mce/plugins/table/css/table.css'
Replicando directorio `gcm/lib/ext/tiny_mce/plugins/table/js'
lunes 18 de noviembre del 2013 total_archivos_bloqueados: 
Borrando archivo antiguo `gcm/lib/ext/tiny_mce/plugins/table/js/cell.js'
Enviando archivo `gcm/lib/ext/tiny_mce/plugins/table/js/cell.js'
Borrando archivo antiguo `gcm/lib/ext/tiny_mce/plugins/table/js/merge_cells.js'
Enviando archivo `gcm/lib/ext/tiny_mce/plugins/table/js/merge_cells.js'
Borrando archivo antiguo `gcm/lib/ext/tiny_mce/plugins/table/js/row.js'
Enviando archivo `gcm/lib/ext/tiny_mce/plugins/table/js/row.js'
Borrando archivo antiguo `gcm/lib/ext/tiny_mce/plugins/table/js/table.js'
Enviando archivo `gcm/lib/ext/tiny_mce/plugins/table/js/table.js'
Replicando directorio `gcm/lib/ext/tiny_mce/plugins/table/langs'
Replicando directorio `gcm/lib/ext/tiny_mce/plugins/template'
Borrando archivo antiguo `gcm/lib/ext/tiny_mce/plugins/template/blank.htm'
Enviando archivo `gcm/lib/ext/tiny_mce/plugins/template/blank.htm'
Borrando archivo antiguo `gcm/lib/ext/tiny_mce/plugins/template/editor_plugin_src.js'
Enviando archivo `gcm/lib/ext/tiny_mce/plugins/template/editor_plugin_src.js'
Borrando archivo antiguo `gcm/lib/ext/tiny_mce/plugins/template/template.htm'
Enviando archivo `gcm/lib/ext/tiny_mce/plugins/template/template.htm'
Replicando directorio `gcm/lib/ext/tiny_mce/plugins/template/css'
Borrando archivo antiguo `gcm/lib/ext/tiny_mce/plugins/template/css/template.css'
Enviando archivo `gcm/lib/ext/tiny_mce/plugins/template/css/template.css'
Replicando directorio `gcm/lib/ext/tiny_mce/plugins/template/js'
Borrando archivo antiguo `gcm/lib/ext/tiny_mce/plugins/template/js/template.js'
Enviando archivo `gcm/lib/ext/tiny_mce/plugins/template/js/template.js'
Replicando directorio `gcm/lib/ext/tiny_mce/plugins/template/langs'
Replicando directorio `gcm/lib/ext/tiny_mce/plugins/visualblocks'
Borrando archivo antiguo `gcm/lib/ext/tiny_mce/plugins/visualblocks/editor_plugin_src.js'
Enviando archivo `gcm/lib/ext/tiny_mce/plugins/visualblocks/editor_plugin_src.js'
Replicando directorio `gcm/lib/ext/tiny_mce/plugins/visualblocks/css'
Borrando archivo antiguo `gcm/lib/ext/tiny_mce/plugins/visualblocks/css/visualblocks.css'
Enviando archivo `gcm/lib/ext/tiny_mce/plugins/visualblocks/css/visualblocks.css'
Replicando directorio `gcm/lib/ext/tiny_mce/plugins/visualchars'
Borrando archivo antiguo `gcm/lib/ext/tiny_mce/plugins/visualchars/editor_plugin_src.js'
Enviando archivo `gcm/lib/ext/tiny_mce/plugins/visualchars/editor_plugin_src.js'
Replicando directorio `gcm/lib/ext/tiny_mce/plugins/wordcount'
Borrando archivo antiguo `gcm/lib/ext/tiny_mce/plugins/wordcount/editor_plugin_src.js'
Enviando archivo `gcm/lib/ext/tiny_mce/plugins/wordcount/editor_plugin_src.js'
Replicando directorio `gcm/lib/ext/tiny_mce/plugins/xhtmlxtras'
Borrando archivo antiguo `gcm/lib/ext/tiny_mce/plugins/xhtmlxtras/abbr.htm'
Enviando archivo `gcm/lib/ext/tiny_mce/plugins/xhtmlxtras/abbr.htm'
Borrando archivo antiguo `gcm/lib/ext/tiny_mce/plugins/xhtmlxtras/acronym.htm'
Enviando archivo `gcm/lib/ext/tiny_mce/plugins/xhtmlxtras/acronym.htm'
Borrando archivo antiguo `gcm/lib/ext/tiny_mce/plugins/xhtmlxtras/attributes.htm'
Enviando archivo `gcm/lib/ext/tiny_mce/plugins/xhtmlxtras/attributes.htm'
Borrando archivo antiguo `gcm/lib/ext/tiny_mce/plugins/xhtmlxtras/cite.htm'
Enviando archivo `gcm/lib/ext/tiny_mce/plugins/xhtmlxtras/cite.htm'
Borrando archivo antiguo `gcm/lib/ext/tiny_mce/plugins/xhtmlxtras/del.htm'
Enviando archivo `gcm/lib/ext/tiny_mce/plugins/xhtmlxtras/del.htm'
Borrando archivo antiguo `gcm/lib/ext/tiny_mce/plugins/xhtmlxtras/editor_plugin_src.js'
Enviando archivo `gcm/lib/ext/tiny_mce/plugins/xhtmlxtras/editor_plugin_src.js'
Borrando archivo antiguo `gcm/lib/ext/tiny_mce/plugins/xhtmlxtras/ins.htm'
Enviando archivo `gcm/lib/ext/tiny_mce/plugins/xhtmlxtras/ins.htm'
Replicando directorio `gcm/lib/ext/tiny_mce/plugins/xhtmlxtras/css'
Borrando archivo antiguo `gcm/lib/ext/tiny_mce/plugins/xhtmlxtras/css/attributes.css'
Enviando archivo `gcm/lib/ext/tiny_mce/plugins/xhtmlxtras/css/attributes.css'
Borrando archivo antiguo `gcm/lib/ext/tiny_mce/plugins/xhtmlxtras/css/popup.css'
Enviando archivo `gcm/lib/ext/tiny_mce/plugins/xhtmlxtras/css/popup.css'
Replicando directorio `gcm/lib/ext/tiny_mce/plugins/xhtmlxtras/js'
Borrando archivo antiguo `gcm/lib/ext/tiny_mce/plugins/xhtmlxtras/js/abbr.js'
Enviando archivo `gcm/lib/ext/tiny_mce/plugins/xhtmlxtras/js/abbr.js'
Borrando archivo antiguo `gcm/lib/ext/tiny_mce/plugins/xhtmlxtras/js/acronym.js'
Enviando archivo `gcm/lib/ext/tiny_mce/plugins/xhtmlxtras/js/acronym.js'
Borrando archivo antiguo `gcm/lib/ext/tiny_mce/plugins/xhtmlxtras/js/attributes.js'
Enviando archivo `gcm/lib/ext/tiny_mce/plugins/xhtmlxtras/js/attributes.js'
Borrando archivo antiguo `gcm/lib/ext/tiny_mce/plugins/xhtmlxtras/js/cite.js'
Enviando archivo `gcm/lib/ext/tiny_mce/plugins/xhtmlxtras/js/cite.js'
Borrando archivo antiguo `gcm/lib/ext/tiny_mce/plugins/xhtmlxtras/js/del.js'
Enviando archivo `gcm/lib/ext/tiny_mce/plugins/xhtmlxtras/js/del.js'
Borrando archivo antiguo `gcm/lib/ext/tiny_mce/plugins/xhtmlxtras/js/element_common.js'
Enviando archivo `gcm/lib/ext/tiny_mce/plugins/xhtmlxtras/js/element_common.js'
Borrando archivo antiguo `gcm/lib/ext/tiny_mce/plugins/xhtmlxtras/js/ins.js'
Enviando archivo `gcm/lib/ext/tiny_mce/plugins/xhtmlxtras/js/ins.js'
Replicando directorio `gcm/lib/ext/tiny_mce/plugins/xhtmlxtras/langs'
Replicando directorio `gcm/lib/ext/tiny_mce/themes'
Replicando directorio `gcm/lib/ext/tiny_mce/themes/advanced'
Borrando archivo antiguo `gcm/lib/ext/tiny_mce/themes/advanced/about.htm'
Enviando archivo `gcm/lib/ext/tiny_mce/themes/advanced/about.htm'
Borrando archivo antiguo `gcm/lib/ext/tiny_mce/themes/advanced/anchor.htm'
Enviando archivo `gcm/lib/ext/tiny_mce/themes/advanced/anchor.htm'
Borrando archivo antiguo `gcm/lib/ext/tiny_mce/themes/advanced/charmap.htm'
Enviando archivo `gcm/lib/ext/tiny_mce/themes/advanced/charmap.htm'
Borrando archivo antiguo `gcm/lib/ext/tiny_mce/themes/advanced/color_picker.htm'
Enviando archivo `gcm/lib/ext/tiny_mce/themes/advanced/color_picker.htm'
Borrando archivo antiguo `gcm/lib/ext/tiny_mce/themes/advanced/editor_template_src.js'
Enviando archivo `gcm/lib/ext/tiny_mce/themes/advanced/editor_template_src.js'
Borrando archivo antiguo `gcm/lib/ext/tiny_mce/themes/advanced/image.htm'
Enviando archivo `gcm/lib/ext/tiny_mce/themes/advanced/image.htm'
Borrando archivo antiguo `gcm/lib/ext/tiny_mce/themes/advanced/link.htm'
Enviando archivo `gcm/lib/ext/tiny_mce/themes/advanced/link.htm'
Borrando archivo antiguo `gcm/lib/ext/tiny_mce/themes/advanced/shortcuts.htm'
Enviando archivo `gcm/lib/ext/tiny_mce/themes/advanced/shortcuts.htm'
Borrando archivo antiguo `gcm/lib/ext/tiny_mce/themes/advanced/source_editor.htm'
Enviando archivo `gcm/lib/ext/tiny_mce/themes/advanced/source_editor.htm'
Replicando directorio `gcm/lib/ext/tiny_mce/themes/advanced/img'
Replicando directorio `gcm/lib/ext/tiny_mce/themes/advanced/js'
Borrando archivo antiguo `gcm/lib/ext/tiny_mce/themes/advanced/js/about.js'
Enviando archivo `gcm/lib/ext/tiny_mce/themes/advanced/js/about.js'
Borrando archivo antiguo `gcm/lib/ext/tiny_mce/themes/advanced/js/anchor.js'
Enviando archivo `gcm/lib/ext/tiny_mce/themes/advanced/js/anchor.js'
Borrando archivo antiguo `gcm/lib/ext/tiny_mce/themes/advanced/js/charmap.js'
Enviando archivo `gcm/lib/ext/tiny_mce/themes/advanced/js/charmap.js'
Borrando archivo antiguo `gcm/lib/ext/tiny_mce/themes/advanced/js/image.js'
Enviando archivo `gcm/lib/ext/tiny_mce/themes/advanced/js/image.js'
Borrando archivo antiguo `gcm/lib/ext/tiny_mce/themes/advanced/js/link.js'
Enviando archivo `gcm/lib/ext/tiny_mce/themes/advanced/js/link.js'
Borrando archivo antiguo `gcm/lib/ext/tiny_mce/themes/advanced/js/source_editor.js'
Enviando archivo `gcm/lib/ext/tiny_mce/themes/advanced/js/source_editor.js'
Replicando directorio `gcm/lib/ext/tiny_mce/themes/advanced/langs'
Replicando directorio `gcm/lib/ext/tiny_mce/themes/advanced/skins'
Replicando directorio `gcm/lib/ext/tiny_mce/themes/advanced/skins/default'
Borrando archivo antiguo `gcm/lib/ext/tiny_mce/themes/advanced/skins/default/content.css'
Enviando archivo `gcm/lib/ext/tiny_mce/themes/advanced/skins/default/content.css'
Borrando archivo antiguo `gcm/lib/ext/tiny_mce/themes/advanced/skins/default/dialog.css'
Enviando archivo `gcm/lib/ext/tiny_mce/themes/advanced/skins/default/dialog.css'
Borrando archivo antiguo `gcm/lib/ext/tiny_mce/themes/advanced/skins/default/ui.css'
Enviando archivo `gcm/lib/ext/tiny_mce/themes/advanced/skins/default/ui.css'
Replicando directorio `gcm/lib/ext/tiny_mce/themes/advanced/skins/default/img'
Replicando directorio `gcm/lib/ext/tiny_mce/themes/advanced/skins/highcontrast'
lunes 18 de noviembre del 2013 total_archivos_bloqueados: 
Borrando archivo antiguo `gcm/lib/ext/tiny_mce/themes/advanced/skins/highcontrast/content.css'
Enviando archivo `gcm/lib/ext/tiny_mce/themes/advanced/skins/highcontrast/content.css'
Borrando archivo antiguo `gcm/lib/ext/tiny_mce/themes/advanced/skins/highcontrast/dialog.css'
Enviando archivo `gcm/lib/ext/tiny_mce/themes/advanced/skins/highcontrast/dialog.css'
Borrando archivo antiguo `gcm/lib/ext/tiny_mce/themes/advanced/skins/highcontrast/ui.css'
Enviando archivo `gcm/lib/ext/tiny_mce/themes/advanced/skins/highcontrast/ui.css'
Replicando directorio `gcm/lib/ext/tiny_mce/themes/advanced/skins/o2k7'
Borrando archivo antiguo `gcm/lib/ext/tiny_mce/themes/advanced/skins/o2k7/content.css'
Enviando archivo `gcm/lib/ext/tiny_mce/themes/advanced/skins/o2k7/content.css'
Borrando archivo antiguo `gcm/lib/ext/tiny_mce/themes/advanced/skins/o2k7/dialog.css'
Enviando archivo `gcm/lib/ext/tiny_mce/themes/advanced/skins/o2k7/dialog.css'
Borrando archivo antiguo `gcm/lib/ext/tiny_mce/themes/advanced/skins/o2k7/ui.css'
Enviando archivo `gcm/lib/ext/tiny_mce/themes/advanced/skins/o2k7/ui.css'
Borrando archivo antiguo `gcm/lib/ext/tiny_mce/themes/advanced/skins/o2k7/ui_black.css'
Enviando archivo `gcm/lib/ext/tiny_mce/themes/advanced/skins/o2k7/ui_black.css'
Borrando archivo antiguo `gcm/lib/ext/tiny_mce/themes/advanced/skins/o2k7/ui_silver.css'
Enviando archivo `gcm/lib/ext/tiny_mce/themes/advanced/skins/o2k7/ui_silver.css'
Replicando directorio `gcm/lib/ext/tiny_mce/themes/advanced/skins/o2k7/img'
Replicando directorio `gcm/lib/ext/tiny_mce/themes/simple'
Borrando archivo antiguo `gcm/lib/ext/tiny_mce/themes/simple/editor_template_src.js'
Enviando archivo `gcm/lib/ext/tiny_mce/themes/simple/editor_template_src.js'
Replicando directorio `gcm/lib/ext/tiny_mce/themes/simple/img'
Replicando directorio `gcm/lib/ext/tiny_mce/themes/simple/langs'
Replicando directorio `gcm/lib/ext/tiny_mce/themes/simple/skins'
Replicando directorio `gcm/lib/ext/tiny_mce/themes/simple/skins/default'
Borrando archivo antiguo `gcm/lib/ext/tiny_mce/themes/simple/skins/default/content.css'
Enviando archivo `gcm/lib/ext/tiny_mce/themes/simple/skins/default/content.css'
Borrando archivo antiguo `gcm/lib/ext/tiny_mce/themes/simple/skins/default/ui.css'
Enviando archivo `gcm/lib/ext/tiny_mce/themes/simple/skins/default/ui.css'
Replicando directorio `gcm/lib/ext/tiny_mce/themes/simple/skins/o2k7'
Borrando archivo antiguo `gcm/lib/ext/tiny_mce/themes/simple/skins/o2k7/content.css'
Enviando archivo `gcm/lib/ext/tiny_mce/themes/simple/skins/o2k7/content.css'
Borrando archivo antiguo `gcm/lib/ext/tiny_mce/themes/simple/skins/o2k7/ui.css'
Enviando archivo `gcm/lib/ext/tiny_mce/themes/simple/skins/o2k7/ui.css'
Replicando directorio `gcm/lib/ext/tiny_mce/themes/simple/skins/o2k7/img'
Replicando directorio `gcm/lib/ext/tiny_mce/utils'
Borrando archivo antiguo `gcm/lib/ext/tiny_mce/utils/editable_selects.js'
Enviando archivo `gcm/lib/ext/tiny_mce/utils/editable_selects.js'
Borrando archivo antiguo `gcm/lib/ext/tiny_mce/utils/form_utils.js'
Enviando archivo `gcm/lib/ext/tiny_mce/utils/form_utils.js'
Borrando archivo antiguo `gcm/lib/ext/tiny_mce/utils/mctabs.js'
Enviando archivo `gcm/lib/ext/tiny_mce/utils/mctabs.js'
Borrando archivo antiguo `gcm/lib/ext/tiny_mce/utils/validate.js'
Enviando archivo `gcm/lib/ext/tiny_mce/utils/validate.js'
Replicando directorio `gcm/lib/int'
Borrando archivo antiguo `gcm/lib/int/readme.dox'
Enviando archivo `gcm/lib/int/readme.dox'
Replicando directorio `gcm/lib/int/GcmConfig'
Borrando archivo antiguo `gcm/lib/int/GcmConfig/readme.dox'
Enviando archivo `gcm/lib/int/GcmConfig/readme.dox'
Replicando directorio `gcm/lib/int/GcmConfig/css'
Replicando directorio `gcm/lib/int/GcmConfig/html'
Borrando archivo antiguo `gcm/lib/int/GcmConfig/html/formGcmConfigGui.phtml'
Enviando archivo `gcm/lib/int/GcmConfig/html/formGcmConfigGui.phtml'
Replicando directorio `gcm/lib/int/GcmConfig/js'
Borrando archivo antiguo `gcm/lib/int/GcmConfig/js/GcmConfigGui.js'
Enviando archivo `gcm/lib/int/GcmConfig/js/GcmConfigGui.js'
Replicando directorio `gcm/lib/int/GcmConfig/lib'
Borrando archivo antiguo `gcm/lib/int/GcmConfig/lib/Config.php'
Enviando archivo `gcm/lib/int/GcmConfig/lib/Config.php'
Borrando archivo antiguo `gcm/lib/int/GcmConfig/lib/GcmConfig.php'
Enviando archivo `gcm/lib/int/GcmConfig/lib/GcmConfig.php'
Borrando archivo antiguo `gcm/lib/int/GcmConfig/lib/GcmConfigFactory.php'
Enviando archivo `gcm/lib/int/GcmConfig/lib/GcmConfigFactory.php'
Borrando archivo antiguo `gcm/lib/int/GcmConfig/lib/GcmConfigGui.php'
Enviando archivo `gcm/lib/int/GcmConfig/lib/GcmConfigGui.php'
Replicando directorio `gcm/lib/int/GcmConfig/test'
Replicando directorio `gcm/lib/int/GcmPDO'
Replicando directorio `gcm/lib/int/GcmPDO/html'
Borrando archivo antiguo `gcm/lib/int/GcmPDO/html/botonera_paginador.html'
Enviando archivo `gcm/lib/int/GcmPDO/html/botonera_paginador.html'
Replicando directorio `gcm/lib/int/GcmPDO/lib'
Borrando archivo antiguo `gcm/lib/int/GcmPDO/lib/GcmPDO.php'
Enviando archivo `gcm/lib/int/GcmPDO/lib/GcmPDO.php'
Borrando archivo antiguo `gcm/lib/int/GcmPDO/lib/paginarPDO.php'
Enviando archivo `gcm/lib/int/GcmPDO/lib/paginarPDO.php'
Replicando directorio `gcm/lib/int/array2table'
Replicando directorio `gcm/lib/int/array2table/css'
Borrando archivo antiguo `gcm/lib/int/array2table/css/array2table.css'
Enviando archivo `gcm/lib/int/array2table/css/array2table.css'
Replicando directorio `gcm/lib/int/array2table/img'
Replicando directorio `gcm/lib/int/array2table/js'
Borrando archivo antiguo `gcm/lib/int/array2table/js/array2table.js'
Enviando archivo `gcm/lib/int/array2table/js/array2table.js'
Replicando directorio `gcm/lib/int/array2table/lib'
Borrando archivo antiguo `gcm/lib/int/array2table/lib/Array2table.php'
Enviando archivo `gcm/lib/int/array2table/lib/Array2table.php'
Replicando directorio `gcm/lib/int/autentificacion'
Replicando directorio `gcm/lib/int/autentificacion/lib'
Borrando archivo antiguo `gcm/lib/int/autentificacion/lib/Autentificacion.php'
Enviando archivo `gcm/lib/int/autentificacion/lib/Autentificacion.php'
Replicando directorio `gcm/lib/int/autentificacion/test'
Replicando directorio `gcm/lib/int/captcha'
Borrando archivo antiguo `gcm/lib/int/captcha/captcha.php'
Enviando archivo `gcm/lib/int/captcha/captcha.php'
Replicando directorio `gcm/lib/int/databoundobject'
Borrando archivo antiguo `gcm/lib/int/databoundobject/readme.dox'
Enviando archivo `gcm/lib/int/databoundobject/readme.dox'
Replicando directorio `gcm/lib/int/databoundobject/css'
Replicando directorio `gcm/lib/int/databoundobject/ext'
Replicando directorio `gcm/lib/int/databoundobject/ext/jquery.datepick'
lunes 18 de noviembre del 2013 total_archivos_bloqueados: 
Borrando archivo antiguo `gcm/lib/int/databoundobject/ext/jquery.datepick/datepickBasic.html'
Enviando archivo `gcm/lib/int/databoundobject/ext/jquery.datepick/datepickBasic.html'
Borrando archivo antiguo `gcm/lib/int/databoundobject/ext/jquery.datepick/flora.datepick.css'
Enviando archivo `gcm/lib/int/databoundobject/ext/jquery.datepick/flora.datepick.css'
Borrando archivo antiguo `gcm/lib/int/databoundobject/ext/jquery.datepick/humanity.datepick.css'
Enviando archivo `gcm/lib/int/databoundobject/ext/jquery.datepick/humanity.datepick.css'
Borrando archivo antiguo `gcm/lib/int/databoundobject/ext/jquery.datepick/jquery.datepick-af.js'
Enviando archivo `gcm/lib/int/databoundobject/ext/jquery.datepick/jquery.datepick-af.js'
Borrando archivo antiguo `gcm/lib/int/databoundobject/ext/jquery.datepick/jquery.datepick-am.js'
Enviando archivo `gcm/lib/int/databoundobject/ext/jquery.datepick/jquery.datepick-am.js'
Borrando archivo antiguo `gcm/lib/int/databoundobject/ext/jquery.datepick/jquery.datepick-ar-DZ.js'
Enviando archivo `gcm/lib/int/databoundobject/ext/jquery.datepick/jquery.datepick-ar-DZ.js'
Borrando archivo antiguo `gcm/lib/int/databoundobject/ext/jquery.datepick/jquery.datepick-ar-EG.js'
Enviando archivo `gcm/lib/int/databoundobject/ext/jquery.datepick/jquery.datepick-ar-EG.js'
Borrando archivo antiguo `gcm/lib/int/databoundobject/ext/jquery.datepick/jquery.datepick-ar.js'
Enviando archivo `gcm/lib/int/databoundobject/ext/jquery.datepick/jquery.datepick-ar.js'
Borrando archivo antiguo `gcm/lib/int/databoundobject/ext/jquery.datepick/jquery.datepick-az.js'
Enviando archivo `gcm/lib/int/databoundobject/ext/jquery.datepick/jquery.datepick-az.js'
Borrando archivo antiguo `gcm/lib/int/databoundobject/ext/jquery.datepick/jquery.datepick-bg.js'
Enviando archivo `gcm/lib/int/databoundobject/ext/jquery.datepick/jquery.datepick-bg.js'
Borrando archivo antiguo `gcm/lib/int/databoundobject/ext/jquery.datepick/jquery.datepick-bs.js'
Enviando archivo `gcm/lib/int/databoundobject/ext/jquery.datepick/jquery.datepick-bs.js'
Borrando archivo antiguo `gcm/lib/int/databoundobject/ext/jquery.datepick/jquery.datepick-ca.js'
Enviando archivo `gcm/lib/int/databoundobject/ext/jquery.datepick/jquery.datepick-ca.js'
Borrando archivo antiguo `gcm/lib/int/databoundobject/ext/jquery.datepick/jquery.datepick-cs.js'
Enviando archivo `gcm/lib/int/databoundobject/ext/jquery.datepick/jquery.datepick-cs.js'
Borrando archivo antiguo `gcm/lib/int/databoundobject/ext/jquery.datepick/jquery.datepick-da.js'
Enviando archivo `gcm/lib/int/databoundobject/ext/jquery.datepick/jquery.datepick-da.js'
Borrando archivo antiguo `gcm/lib/int/databoundobject/ext/jquery.datepick/jquery.datepick-de-CH.js'
Enviando archivo `gcm/lib/int/databoundobject/ext/jquery.datepick/jquery.datepick-de-CH.js'
Borrando archivo antiguo `gcm/lib/int/databoundobject/ext/jquery.datepick/jquery.datepick-de.js'
Enviando archivo `gcm/lib/int/databoundobject/ext/jquery.datepick/jquery.datepick-de.js'
Borrando archivo antiguo `gcm/lib/int/databoundobject/ext/jquery.datepick/jquery.datepick-el.js'
Enviando archivo `gcm/lib/int/databoundobject/ext/jquery.datepick/jquery.datepick-el.js'
Borrando archivo antiguo `gcm/lib/int/databoundobject/ext/jquery.datepick/jquery.datepick-en-AU.js'
Enviando archivo `gcm/lib/int/databoundobject/ext/jquery.datepick/jquery.datepick-en-AU.js'
Borrando archivo antiguo `gcm/lib/int/databoundobject/ext/jquery.datepick/jquery.datepick-en-GB.js'
Enviando archivo `gcm/lib/int/databoundobject/ext/jquery.datepick/jquery.datepick-en-GB.js'
Borrando archivo antiguo `gcm/lib/int/databoundobject/ext/jquery.datepick/jquery.datepick-en-NZ.js'
Enviando archivo `gcm/lib/int/databoundobject/ext/jquery.datepick/jquery.datepick-en-NZ.js'
Borrando archivo antiguo `gcm/lib/int/databoundobject/ext/jquery.datepick/jquery.datepick-eo.js'
Enviando archivo `gcm/lib/int/databoundobject/ext/jquery.datepick/jquery.datepick-eo.js'
Borrando archivo antiguo `gcm/lib/int/databoundobject/ext/jquery.datepick/jquery.datepick-es-AR.js'
Enviando archivo `gcm/lib/int/databoundobject/ext/jquery.datepick/jquery.datepick-es-AR.js'
Borrando archivo antiguo `gcm/lib/int/databoundobject/ext/jquery.datepick/jquery.datepick-es-PE.js'
Enviando archivo `gcm/lib/int/databoundobject/ext/jquery.datepick/jquery.datepick-es-PE.js'
Borrando archivo antiguo `gcm/lib/int/databoundobject/ext/jquery.datepick/jquery.datepick-es.js'
Enviando archivo `gcm/lib/int/databoundobject/ext/jquery.datepick/jquery.datepick-es.js'
Borrando archivo antiguo `gcm/lib/int/databoundobject/ext/jquery.datepick/jquery.datepick-et.js'
Enviando archivo `gcm/lib/int/databoundobject/ext/jquery.datepick/jquery.datepick-et.js'
Borrando archivo antiguo `gcm/lib/int/databoundobject/ext/jquery.datepick/jquery.datepick-eu.js'
Enviando archivo `gcm/lib/int/databoundobject/ext/jquery.datepick/jquery.datepick-eu.js'
Borrando archivo antiguo `gcm/lib/int/databoundobject/ext/jquery.datepick/jquery.datepick-fa.js'
Enviando archivo `gcm/lib/int/databoundobject/ext/jquery.datepick/jquery.datepick-fa.js'
Borrando archivo antiguo `gcm/lib/int/databoundobject/ext/jquery.datepick/jquery.datepick-fi.js'
Enviando archivo `gcm/lib/int/databoundobject/ext/jquery.datepick/jquery.datepick-fi.js'
Borrando archivo antiguo `gcm/lib/int/databoundobject/ext/jquery.datepick/jquery.datepick-fo.js'
Enviando archivo `gcm/lib/int/databoundobject/ext/jquery.datepick/jquery.datepick-fo.js'
Borrando archivo antiguo `gcm/lib/int/databoundobject/ext/jquery.datepick/jquery.datepick-fr-CH.js'
Enviando archivo `gcm/lib/int/databoundobject/ext/jquery.datepick/jquery.datepick-fr-CH.js'
Borrando archivo antiguo `gcm/lib/int/databoundobject/ext/jquery.datepick/jquery.datepick-fr.js'
Enviando archivo `gcm/lib/int/databoundobject/ext/jquery.datepick/jquery.datepick-fr.js'
Borrando archivo antiguo `gcm/lib/int/databoundobject/ext/jquery.datepick/jquery.datepick-he.js'
Enviando archivo `gcm/lib/int/databoundobject/ext/jquery.datepick/jquery.datepick-he.js'
Borrando archivo antiguo `gcm/lib/int/databoundobject/ext/jquery.datepick/jquery.datepick-hi.js'
Enviando archivo `gcm/lib/int/databoundobject/ext/jquery.datepick/jquery.datepick-hi.js'
Borrando archivo antiguo `gcm/lib/int/databoundobject/ext/jquery.datepick/jquery.datepick-hr.js'
Enviando archivo `gcm/lib/int/databoundobject/ext/jquery.datepick/jquery.datepick-hr.js'
Borrando archivo antiguo `gcm/lib/int/databoundobject/ext/jquery.datepick/jquery.datepick-hu.js'
Enviando archivo `gcm/lib/int/databoundobject/ext/jquery.datepick/jquery.datepick-hu.js'
Borrando archivo antiguo `gcm/lib/int/databoundobject/ext/jquery.datepick/jquery.datepick-hy.js'
Enviando archivo `gcm/lib/int/databoundobject/ext/jquery.datepick/jquery.datepick-hy.js'
Borrando archivo antiguo `gcm/lib/int/databoundobject/ext/jquery.datepick/jquery.datepick-id.js'
Enviando archivo `gcm/lib/int/databoundobject/ext/jquery.datepick/jquery.datepick-id.js'
Borrando archivo antiguo `gcm/lib/int/databoundobject/ext/jquery.datepick/jquery.datepick-is.js'
Enviando archivo `gcm/lib/int/databoundobject/ext/jquery.datepick/jquery.datepick-is.js'
Borrando archivo antiguo `gcm/lib/int/databoundobject/ext/jquery.datepick/jquery.datepick-it.js'
Enviando archivo `gcm/lib/int/databoundobject/ext/jquery.datepick/jquery.datepick-it.js'
Borrando archivo antiguo `gcm/lib/int/databoundobject/ext/jquery.datepick/jquery.datepick-ja.js'
Enviando archivo `gcm/lib/int/databoundobject/ext/jquery.datepick/jquery.datepick-ja.js'
Borrando archivo antiguo `gcm/lib/int/databoundobject/ext/jquery.datepick/jquery.datepick-ka.js'
Enviando archivo `gcm/lib/int/databoundobject/ext/jquery.datepick/jquery.datepick-ka.js'
Borrando archivo antiguo `gcm/lib/int/databoundobject/ext/jquery.datepick/jquery.datepick-km.js'
Enviando archivo `gcm/lib/int/databoundobject/ext/jquery.datepick/jquery.datepick-km.js'
Borrando archivo antiguo `gcm/lib/int/databoundobject/ext/jquery.datepick/jquery.datepick-ko.js'
Enviando archivo `gcm/lib/int/databoundobject/ext/jquery.datepick/jquery.datepick-ko.js'
Borrando archivo antiguo `gcm/lib/int/databoundobject/ext/jquery.datepick/jquery.datepick-lt.js'
Enviando archivo `gcm/lib/int/databoundobject/ext/jquery.datepick/jquery.datepick-lt.js'
Borrando archivo antiguo `gcm/lib/int/databoundobject/ext/jquery.datepick/jquery.datepick-lv.js'
Enviando archivo `gcm/lib/int/databoundobject/ext/jquery.datepick/jquery.datepick-lv.js'
Borrando archivo antiguo `gcm/lib/int/databoundobject/ext/jquery.datepick/jquery.datepick-me-ME.js'
Enviando archivo `gcm/lib/int/databoundobject/ext/jquery.datepick/jquery.datepick-me-ME.js'
Borrando archivo antiguo `gcm/lib/int/databoundobject/ext/jquery.datepick/jquery.datepick-me.js'
Enviando archivo `gcm/lib/int/databoundobject/ext/jquery.datepick/jquery.datepick-me.js'
Borrando archivo antiguo `gcm/lib/int/databoundobject/ext/jquery.datepick/jquery.datepick-mk.js'
Enviando archivo `gcm/lib/int/databoundobject/ext/jquery.datepick/jquery.datepick-mk.js'
Borrando archivo antiguo `gcm/lib/int/databoundobject/ext/jquery.datepick/jquery.datepick-ml.js'
Enviando archivo `gcm/lib/int/databoundobject/ext/jquery.datepick/jquery.datepick-ml.js'
Borrando archivo antiguo `gcm/lib/int/databoundobject/ext/jquery.datepick/jquery.datepick-ms.js'
Enviando archivo `gcm/lib/int/databoundobject/ext/jquery.datepick/jquery.datepick-ms.js'
Borrando archivo antiguo `gcm/lib/int/databoundobject/ext/jquery.datepick/jquery.datepick-mt.js'
Enviando archivo `gcm/lib/int/databoundobject/ext/jquery.datepick/jquery.datepick-mt.js'
Borrando archivo antiguo `gcm/lib/int/databoundobject/ext/jquery.datepick/jquery.datepick-nl-BE.js'
Enviando archivo `gcm/lib/int/databoundobject/ext/jquery.datepick/jquery.datepick-nl-BE.js'
Borrando archivo antiguo `gcm/lib/int/databoundobject/ext/jquery.datepick/jquery.datepick-nl.js'
Enviando archivo `gcm/lib/int/databoundobject/ext/jquery.datepick/jquery.datepick-nl.js'
Borrando archivo antiguo `gcm/lib/int/databoundobject/ext/jquery.datepick/jquery.datepick-no.js'
Enviando archivo `gcm/lib/int/databoundobject/ext/jquery.datepick/jquery.datepick-no.js'
Borrando archivo antiguo `gcm/lib/int/databoundobject/ext/jquery.datepick/jquery.datepick-pl.js'
Enviando archivo `gcm/lib/int/databoundobject/ext/jquery.datepick/jquery.datepick-pl.js'
Borrando archivo antiguo `gcm/lib/int/databoundobject/ext/jquery.datepick/jquery.datepick-pt-BR.js'
Enviando archivo `gcm/lib/int/databoundobject/ext/jquery.datepick/jquery.datepick-pt-BR.js'
Borrando archivo antiguo `gcm/lib/int/databoundobject/ext/jquery.datepick/jquery.datepick-pt.js'
Enviando archivo `gcm/lib/int/databoundobject/ext/jquery.datepick/jquery.datepick-pt.js'
Borrando archivo antiguo `gcm/lib/int/databoundobject/ext/jquery.datepick/jquery.datepick-rm.js'
Enviando archivo `gcm/lib/int/databoundobject/ext/jquery.datepick/jquery.datepick-rm.js'
Borrando archivo antiguo `gcm/lib/int/databoundobject/ext/jquery.datepick/jquery.datepick-ro.js'
Enviando archivo `gcm/lib/int/databoundobject/ext/jquery.datepick/jquery.datepick-ro.js'
Borrando archivo antiguo `gcm/lib/int/databoundobject/ext/jquery.datepick/jquery.datepick-ru.js'
Enviando archivo `gcm/lib/int/databoundobject/ext/jquery.datepick/jquery.datepick-ru.js'
Borrando archivo antiguo `gcm/lib/int/databoundobject/ext/jquery.datepick/jquery.datepick-sk.js'
Enviando archivo `gcm/lib/int/databoundobject/ext/jquery.datepick/jquery.datepick-sk.js'
Borrando archivo antiguo `gcm/lib/int/databoundobject/ext/jquery.datepick/jquery.datepick-sl.js'
Enviando archivo `gcm/lib/int/databoundobject/ext/jquery.datepick/jquery.datepick-sl.js'
Borrando archivo antiguo `gcm/lib/int/databoundobject/ext/jquery.datepick/jquery.datepick-sq.js'
Enviando archivo `gcm/lib/int/databoundobject/ext/jquery.datepick/jquery.datepick-sq.js'
Borrando archivo antiguo `gcm/lib/int/databoundobject/ext/jquery.datepick/jquery.datepick-sr-SR.js'
Enviando archivo `gcm/lib/int/databoundobject/ext/jquery.datepick/jquery.datepick-sr-SR.js'
Borrando archivo antiguo `gcm/lib/int/databoundobject/ext/jquery.datepick/jquery.datepick-sr.js'
Enviando archivo `gcm/lib/int/databoundobject/ext/jquery.datepick/jquery.datepick-sr.js'
Borrando archivo antiguo `gcm/lib/int/databoundobject/ext/jquery.datepick/jquery.datepick-sv.js'
Enviando archivo `gcm/lib/int/databoundobject/ext/jquery.datepick/jquery.datepick-sv.js'
Borrando archivo antiguo `gcm/lib/int/databoundobject/ext/jquery.datepick/jquery.datepick-ta.js'
Enviando archivo `gcm/lib/int/databoundobject/ext/jquery.datepick/jquery.datepick-ta.js'
Borrando archivo antiguo `gcm/lib/int/databoundobject/ext/jquery.datepick/jquery.datepick-th.js'
Enviando archivo `gcm/lib/int/databoundobject/ext/jquery.datepick/jquery.datepick-th.js'
Borrando archivo antiguo `gcm/lib/int/databoundobject/ext/jquery.datepick/jquery.datepick-tr.js'
Enviando archivo `gcm/lib/int/databoundobject/ext/jquery.datepick/jquery.datepick-tr.js'
Borrando archivo antiguo `gcm/lib/int/databoundobject/ext/jquery.datepick/jquery.datepick-uk.js'
Enviando archivo `gcm/lib/int/databoundobject/ext/jquery.datepick/jquery.datepick-uk.js'
Borrando archivo antiguo `gcm/lib/int/databoundobject/ext/jquery.datepick/jquery.datepick-ur.js'
Enviando archivo `gcm/lib/int/databoundobject/ext/jquery.datepick/jquery.datepick-ur.js'
Borrando archivo antiguo `gcm/lib/int/databoundobject/ext/jquery.datepick/jquery.datepick-vi.js'
Enviando archivo `gcm/lib/int/databoundobject/ext/jquery.datepick/jquery.datepick-vi.js'
Borrando archivo antiguo `gcm/lib/int/databoundobject/ext/jquery.datepick/jquery.datepick-zh-CN.js'
Enviando archivo `gcm/lib/int/databoundobject/ext/jquery.datepick/jquery.datepick-zh-CN.js'
Borrando archivo antiguo `gcm/lib/int/databoundobject/ext/jquery.datepick/jquery.datepick-zh-HK.js'
Enviando archivo `gcm/lib/int/databoundobject/ext/jquery.datepick/jquery.datepick-zh-HK.js'
Borrando archivo antiguo `gcm/lib/int/databoundobject/ext/jquery.datepick/jquery.datepick-zh-TW.js'
Enviando archivo `gcm/lib/int/databoundobject/ext/jquery.datepick/jquery.datepick-zh-TW.js'
Borrando archivo antiguo `gcm/lib/int/databoundobject/ext/jquery.datepick/jquery.datepick.css'
Enviando archivo `gcm/lib/int/databoundobject/ext/jquery.datepick/jquery.datepick.css'
Borrando archivo antiguo `gcm/lib/int/databoundobject/ext/jquery.datepick/jquery.datepick.ext.js'
Enviando archivo `gcm/lib/int/databoundobject/ext/jquery.datepick/jquery.datepick.ext.js'
Borrando archivo antiguo `gcm/lib/int/databoundobject/ext/jquery.datepick/jquery.datepick.ext.min.js'
Enviando archivo `gcm/lib/int/databoundobject/ext/jquery.datepick/jquery.datepick.ext.min.js'
Borrando archivo antiguo `gcm/lib/int/databoundobject/ext/jquery.datepick/jquery.datepick.js'
Enviando archivo `gcm/lib/int/databoundobject/ext/jquery.datepick/jquery.datepick.js'
Borrando archivo antiguo `gcm/lib/int/databoundobject/ext/jquery.datepick/jquery.datepick.lang.js'
Enviando archivo `gcm/lib/int/databoundobject/ext/jquery.datepick/jquery.datepick.lang.js'
Borrando archivo antiguo `gcm/lib/int/databoundobject/ext/jquery.datepick/jquery.datepick.lang.min.js'
Enviando archivo `gcm/lib/int/databoundobject/ext/jquery.datepick/jquery.datepick.lang.min.js'
Borrando archivo antiguo `gcm/lib/int/databoundobject/ext/jquery.datepick/jquery.datepick.min.js'
Enviando archivo `gcm/lib/int/databoundobject/ext/jquery.datepick/jquery.datepick.min.js'
Borrando archivo antiguo `gcm/lib/int/databoundobject/ext/jquery.datepick/jquery.datepick.validation.js'
Enviando archivo `gcm/lib/int/databoundobject/ext/jquery.datepick/jquery.datepick.validation.js'
Borrando archivo antiguo `gcm/lib/int/databoundobject/ext/jquery.datepick/jquery.datepick.validation.min.js'
Enviando archivo `gcm/lib/int/databoundobject/ext/jquery.datepick/jquery.datepick.validation.min.js'
Borrando archivo antiguo `gcm/lib/int/databoundobject/ext/jquery.datepick/redmond.datepick.css'
Enviando archivo `gcm/lib/int/databoundobject/ext/jquery.datepick/redmond.datepick.css'
Borrando archivo antiguo `gcm/lib/int/databoundobject/ext/jquery.datepick/smoothness.datepick.css'
Enviando archivo `gcm/lib/int/databoundobject/ext/jquery.datepick/smoothness.datepick.css'
lunes 18 de noviembre del 2013 total_archivos_bloqueados: 
Borrando archivo antiguo `gcm/lib/int/databoundobject/ext/jquery.datepick/ui-black-tie.datepick.css'
Enviando archivo `gcm/lib/int/databoundobject/ext/jquery.datepick/ui-black-tie.datepick.css'
Borrando archivo antiguo `gcm/lib/int/databoundobject/ext/jquery.datepick/ui-blitzer.datepick.css'
Enviando archivo `gcm/lib/int/databoundobject/ext/jquery.datepick/ui-blitzer.datepick.css'
Borrando archivo antiguo `gcm/lib/int/databoundobject/ext/jquery.datepick/ui-cupertino.datepick.css'
Enviando archivo `gcm/lib/int/databoundobject/ext/jquery.datepick/ui-cupertino.datepick.css'
Borrando archivo antiguo `gcm/lib/int/databoundobject/ext/jquery.datepick/ui-dark-hive.datepick.css'
Enviando archivo `gcm/lib/int/databoundobject/ext/jquery.datepick/ui-dark-hive.datepick.css'
Borrando archivo antiguo `gcm/lib/int/databoundobject/ext/jquery.datepick/ui-dot-luv.datepick.css'
Enviando archivo `gcm/lib/int/databoundobject/ext/jquery.datepick/ui-dot-luv.datepick.css'
Borrando archivo antiguo `gcm/lib/int/databoundobject/ext/jquery.datepick/ui-eggplant.datepick.css'
Enviando archivo `gcm/lib/int/databoundobject/ext/jquery.datepick/ui-eggplant.datepick.css'
Borrando archivo antiguo `gcm/lib/int/databoundobject/ext/jquery.datepick/ui-excite-bike.datepick.css'
Enviando archivo `gcm/lib/int/databoundobject/ext/jquery.datepick/ui-excite-bike.datepick.css'
Borrando archivo antiguo `gcm/lib/int/databoundobject/ext/jquery.datepick/ui-flick.datepick.css'
Enviando archivo `gcm/lib/int/databoundobject/ext/jquery.datepick/ui-flick.datepick.css'
Borrando archivo antiguo `gcm/lib/int/databoundobject/ext/jquery.datepick/ui-hot-sneaks.datepick.css'
Enviando archivo `gcm/lib/int/databoundobject/ext/jquery.datepick/ui-hot-sneaks.datepick.css'
Borrando archivo antiguo `gcm/lib/int/databoundobject/ext/jquery.datepick/ui-humanity.datepick.css'
Enviando archivo `gcm/lib/int/databoundobject/ext/jquery.datepick/ui-humanity.datepick.css'
Borrando archivo antiguo `gcm/lib/int/databoundobject/ext/jquery.datepick/ui-le-frog.datepick.css'
Enviando archivo `gcm/lib/int/databoundobject/ext/jquery.datepick/ui-le-frog.datepick.css'
Borrando archivo antiguo `gcm/lib/int/databoundobject/ext/jquery.datepick/ui-mint-choc.datepick.css'
Enviando archivo `gcm/lib/int/databoundobject/ext/jquery.datepick/ui-mint-choc.datepick.css'
Borrando archivo antiguo `gcm/lib/int/databoundobject/ext/jquery.datepick/ui-overcast.datepick.css'
Enviando archivo `gcm/lib/int/databoundobject/ext/jquery.datepick/ui-overcast.datepick.css'
Borrando archivo antiguo `gcm/lib/int/databoundobject/ext/jquery.datepick/ui-pepper-grinder.datepick.css'
Enviando archivo `gcm/lib/int/databoundobject/ext/jquery.datepick/ui-pepper-grinder.datepick.css'
Borrando archivo antiguo `gcm/lib/int/databoundobject/ext/jquery.datepick/ui-redmond.datepick.css'
Enviando archivo `gcm/lib/int/databoundobject/ext/jquery.datepick/ui-redmond.datepick.css'
Borrando archivo antiguo `gcm/lib/int/databoundobject/ext/jquery.datepick/ui-smoothness.datepick.css'
Enviando archivo `gcm/lib/int/databoundobject/ext/jquery.datepick/ui-smoothness.datepick.css'
Borrando archivo antiguo `gcm/lib/int/databoundobject/ext/jquery.datepick/ui-south-street.datepick.css'
Enviando archivo `gcm/lib/int/databoundobject/ext/jquery.datepick/ui-south-street.datepick.css'
Borrando archivo antiguo `gcm/lib/int/databoundobject/ext/jquery.datepick/ui-start.datepick.css'
Enviando archivo `gcm/lib/int/databoundobject/ext/jquery.datepick/ui-start.datepick.css'
Borrando archivo antiguo `gcm/lib/int/databoundobject/ext/jquery.datepick/ui-sunny.datepick.css'
Enviando archivo `gcm/lib/int/databoundobject/ext/jquery.datepick/ui-sunny.datepick.css'
Borrando archivo antiguo `gcm/lib/int/databoundobject/ext/jquery.datepick/ui-swanky-purse.datepick.css'
Enviando archivo `gcm/lib/int/databoundobject/ext/jquery.datepick/ui-swanky-purse.datepick.css'
Borrando archivo antiguo `gcm/lib/int/databoundobject/ext/jquery.datepick/ui-trontastic.datepick.css'
Enviando archivo `gcm/lib/int/databoundobject/ext/jquery.datepick/ui-trontastic.datepick.css'
Borrando archivo antiguo `gcm/lib/int/databoundobject/ext/jquery.datepick/ui-ui-darkness.datepick.css'
Enviando archivo `gcm/lib/int/databoundobject/ext/jquery.datepick/ui-ui-darkness.datepick.css'
Borrando archivo antiguo `gcm/lib/int/databoundobject/ext/jquery.datepick/ui-ui-lightness.datepick.css'
Enviando archivo `gcm/lib/int/databoundobject/ext/jquery.datepick/ui-ui-lightness.datepick.css'
Borrando archivo antiguo `gcm/lib/int/databoundobject/ext/jquery.datepick/ui-vader.datepick.css'
Enviando archivo `gcm/lib/int/databoundobject/ext/jquery.datepick/ui-vader.datepick.css'
Borrando archivo antiguo `gcm/lib/int/databoundobject/ext/jquery.datepick/ui.datepick.css'
Enviando archivo `gcm/lib/int/databoundobject/ext/jquery.datepick/ui.datepick.css'
Replicando directorio `gcm/lib/int/databoundobject/ext/mugifly-jquery-simple-datetimepicker'
Replicando directorio `gcm/lib/int/databoundobject/ext/mugifly-jquery-simple-datetimepicker/design'
Replicando directorio `gcm/lib/int/databoundobject/html'
Borrando archivo antiguo `gcm/lib/int/databoundobject/html/filtros.phtml'
Enviando archivo `gcm/lib/int/databoundobject/html/filtros.phtml'
Borrando archivo antiguo `gcm/lib/int/databoundobject/html/registro_editar.phtml'
Enviando archivo `gcm/lib/int/databoundobject/html/registro_editar.phtml'
Borrando archivo antiguo `gcm/lib/int/databoundobject/html/registro_visualizar.phtml'
Enviando archivo `gcm/lib/int/databoundobject/html/registro_visualizar.phtml'
Borrando archivo antiguo `gcm/lib/int/databoundobject/html/registros_combinados_editar.phtml'
Enviando archivo `gcm/lib/int/databoundobject/html/registros_combinados_editar.phtml'
Borrando archivo antiguo `gcm/lib/int/databoundobject/html/registros_relacionados_editar.phtml'
Enviando archivo `gcm/lib/int/databoundobject/html/registros_relacionados_editar.phtml'
Replicando directorio `gcm/lib/int/databoundobject/js'
Borrando archivo antiguo `gcm/lib/int/databoundobject/js/administrar_registros_varios.js'
Enviando archivo `gcm/lib/int/databoundobject/js/administrar_registros_varios.js'
Borrando archivo antiguo `gcm/lib/int/databoundobject/js/validate.js'
Enviando archivo `gcm/lib/int/databoundobject/js/validate.js'
Replicando directorio `gcm/lib/int/databoundobject/lib'
Borrando archivo antiguo `gcm/lib/int/databoundobject/lib/Crud.php'
Enviando archivo `gcm/lib/int/databoundobject/lib/Crud.php'
Borrando archivo antiguo `gcm/lib/int/databoundobject/lib/DataBoundObject.php'
Enviando archivo `gcm/lib/int/databoundobject/lib/DataBoundObject.php'
Borrando archivo antiguo `gcm/lib/int/databoundobject/lib/Formulario_filtro.php'
Enviando archivo `gcm/lib/int/databoundobject/lib/Formulario_filtro.php'
Replicando directorio `gcm/lib/int/formato'
Replicando directorio `gcm/lib/int/formato/lib'
Borrando archivo antiguo `gcm/lib/int/formato/lib/.GHTML.php.swp'
Enviando archivo `gcm/lib/int/formato/lib/.GHTML.php.swp'
Borrando archivo antiguo `gcm/lib/int/formato/lib/Formato.php'
Enviando archivo `gcm/lib/int/formato/lib/Formato.php'
Borrando archivo antiguo `gcm/lib/int/formato/lib/HTML.php'
Enviando archivo `gcm/lib/int/formato/lib/HTML.php'
Replicando directorio `gcm/lib/int/galeria'
Replicando directorio `gcm/lib/int/galeria/css'
Replicando directorio `gcm/lib/int/galeria/img'
Replicando directorio `gcm/lib/int/galeria/js'
Replicando directorio `gcm/lib/int/galeria/lib'
Replicando directorio `gcm/lib/int/galeria/lit'
Replicando directorio `gcm/lib/int/gcm'
Replicando directorio `gcm/lib/int/gcm/lib'
Borrando archivo antiguo `gcm/lib/int/gcm/lib/Eventos.php'
Enviando archivo `gcm/lib/int/gcm/lib/Eventos.php'
Borrando archivo antiguo `gcm/lib/int/gcm/lib/GUtil.php'
Enviando archivo `gcm/lib/int/gcm/lib/GUtil.php'
Borrando archivo antiguo `gcm/lib/int/gcm/lib/Gcm.php'
Enviando archivo `gcm/lib/int/gcm/lib/Gcm.php'
Borrando archivo antiguo `gcm/lib/int/gcm/lib/Modulos.php'
Enviando archivo `gcm/lib/int/gcm/lib/Modulos.php'
Borrando archivo antiguo `gcm/lib/int/gcm/lib/Plantilla.php'
Enviando archivo `gcm/lib/int/gcm/lib/Plantilla.php'
Replicando directorio `gcm/lib/int/gcm/test'
Replicando directorio `gcm/lib/int/idiomas'
Replicando directorio `gcm/lib/int/idiomas/img'
Replicando directorio `gcm/lib/int/idiomas/lib'
Borrando archivo antiguo `gcm/lib/int/idiomas/lib/IdiomasCore.php'
Enviando archivo `gcm/lib/int/idiomas/lib/IdiomasCore.php'
Replicando directorio `gcm/lib/int/registro'
Replicando directorio `gcm/lib/int/registro/css'
Replicando directorio `gcm/lib/int/registro/js'
Borrando archivo antiguo `gcm/lib/int/registro/js/registro.js'
Enviando archivo `gcm/lib/int/registro/js/registro.js'
Replicando directorio `gcm/lib/int/registro/lib'
Borrando archivo antiguo `gcm/lib/int/registro/lib/Registro.php'
Enviando archivo `gcm/lib/int/registro/lib/Registro.php'
Borrando archivo antiguo `gcm/lib/int/registro/lib/RegistroFactory.php'
Enviando archivo `gcm/lib/int/registro/lib/RegistroFactory.php'
Borrando archivo antiguo `gcm/lib/int/registro/lib/RegistroGui.php'
Enviando archivo `gcm/lib/int/registro/lib/RegistroGui.php'
Replicando directorio `gcm/lib/int/registro/modelos'
Borrando archivo antiguo `gcm/lib/int/registro/modelos/registros_crud.php'
Enviando archivo `gcm/lib/int/registro/modelos/registros_crud.php'
Replicando directorio `gcm/lib/int/registro/test'
lunes 18 de noviembre del 2013 total_archivos_bloqueados: 
Replicando directorio `gcm/lib/int/reproductorFlash'
Replicando directorio `gcm/lib/int/rst2html'
Replicando directorio `gcm/lib/int/rst2html/lib'
Replicando directorio `gcm/lib/int/solicitud'
Replicando directorio `gcm/lib/int/solicitud/lib'
Replicando directorio `gcm/lib/int/temas'
Replicando directorio `gcm/lib/int/temas/lib'
Replicando directorio `gcm/modulos'
Replicando directorio `gcm/modulos/admin'
Borrando archivo antiguo `gcm/modulos/admin/eventos_admin.php'
Enviando archivo `gcm/modulos/admin/eventos_admin.php'
Borrando archivo antiguo `gcm/modulos/admin/eventos_usuario.php'
Enviando archivo `gcm/modulos/admin/eventos_usuario.php'
Borrando archivo antiguo `gcm/modulos/admin/menuAdmin.php'
Enviando archivo `gcm/modulos/admin/menuAdmin.php'
Borrando archivo antiguo `gcm/modulos/admin/readme.dox'
Enviando archivo `gcm/modulos/admin/readme.dox'
Replicando directorio `gcm/modulos/admin/config'
Borrando archivo antiguo `gcm/modulos/admin/config/config.php'
Enviando archivo `gcm/modulos/admin/config/config.php'
Borrando archivo antiguo `gcm/modulos/admin/config/config_es.php'
Enviando archivo `gcm/modulos/admin/config/config_es.php'
Replicando directorio `gcm/modulos/admin/css'
Replicando directorio `gcm/modulos/admin/html'
Borrando archivo antiguo `gcm/modulos/admin/html/form_cambio_pass.html'
Enviando archivo `gcm/modulos/admin/html/form_cambio_pass.html'
Borrando archivo antiguo `gcm/modulos/admin/html/form_perfil.html'
Enviando archivo `gcm/modulos/admin/html/form_perfil.html'
Borrando archivo antiguo `gcm/modulos/admin/html/menuAdmin.html'
Enviando archivo `gcm/modulos/admin/html/menuAdmin.html'
Replicando directorio `gcm/modulos/admin/lib'
Replicando directorio `gcm/modulos/admin/modelos'
Borrando archivo antiguo `gcm/modulos/admin/modelos/usuarios.php'
Enviando archivo `gcm/modulos/admin/modelos/usuarios.php'
Replicando directorio `gcm/modulos/aplicar_SEO'
Borrando archivo antiguo `gcm/modulos/aplicar_SEO/eventos_admin.php'
Enviando archivo `gcm/modulos/aplicar_SEO/eventos_admin.php'
Borrando archivo antiguo `gcm/modulos/aplicar_SEO/menuAdmin.php'
Enviando archivo `gcm/modulos/aplicar_SEO/menuAdmin.php'
Replicando directorio `gcm/modulos/aplicar_SEO/html'
Borrando archivo antiguo `gcm/modulos/aplicar_SEO/html/info.phtml'
Enviando archivo `gcm/modulos/aplicar_SEO/html/info.phtml'
Replicando directorio `gcm/modulos/aplicar_SEO/lib'
Borrando archivo antiguo `gcm/modulos/aplicar_SEO/lib/Aplicar_SEO.php'
Enviando archivo `gcm/modulos/aplicar_SEO/lib/Aplicar_SEO.php'
Replicando directorio `gcm/modulos/cache_http'
Borrando archivo antiguo `gcm/modulos/cache_http/eventos_admin.php'
Enviando archivo `gcm/modulos/cache_http/eventos_admin.php'
Borrando archivo antiguo `gcm/modulos/cache_http/eventos_usuario.php'
Enviando archivo `gcm/modulos/cache_http/eventos_usuario.php'
Borrando archivo antiguo `gcm/modulos/cache_http/menuAdmin.php'
Enviando archivo `gcm/modulos/cache_http/menuAdmin.php'
Replicando directorio `gcm/modulos/cache_http/js'
Replicando directorio `gcm/modulos/cache_http/lib'
Borrando archivo antiguo `gcm/modulos/cache_http/lib/Cache_http.php'
Enviando archivo `gcm/modulos/cache_http/lib/Cache_http.php'
Borrando archivo antiguo `gcm/modulos/cache_http/lib/Cache_httpAdmin.php'
Enviando archivo `gcm/modulos/cache_http/lib/Cache_httpAdmin.php'
Replicando directorio `gcm/modulos/comentarios'
Borrando archivo antiguo `gcm/modulos/comentarios/eventos_usuario.php'
Enviando archivo `gcm/modulos/comentarios/eventos_usuario.php'
Borrando archivo antiguo `gcm/modulos/comentarios/menuAdmin.php'
Enviando archivo `gcm/modulos/comentarios/menuAdmin.php'
Borrando archivo antiguo `gcm/modulos/comentarios/readme.dox'
Enviando archivo `gcm/modulos/comentarios/readme.dox'
Replicando directorio `gcm/modulos/comentarios/config'
Borrando archivo antiguo `gcm/modulos/comentarios/config/config_es.php'
Enviando archivo `gcm/modulos/comentarios/config/config_es.php'
Replicando directorio `gcm/modulos/comentarios/css'
Replicando directorio `gcm/modulos/comentarios/html'
Borrando archivo antiguo `gcm/modulos/comentarios/html/form_comentario.html'
Enviando archivo `gcm/modulos/comentarios/html/form_comentario.html'
Borrando archivo antiguo `gcm/modulos/comentarios/html/listado.html'
Enviando archivo `gcm/modulos/comentarios/html/listado.html'
Borrando archivo antiguo `gcm/modulos/comentarios/html/ultimos.html'
Enviando archivo `gcm/modulos/comentarios/html/ultimos.html'
Replicando directorio `gcm/modulos/comentarios/js'
Replicando directorio `gcm/modulos/comentarios/lib'
Borrando archivo antiguo `gcm/modulos/comentarios/lib/Comentarios.php'
Enviando archivo `gcm/modulos/comentarios/lib/Comentarios.php'
Borrando archivo antiguo `gcm/modulos/comentarios/lib/ComentariosAdmin.php'
Enviando archivo `gcm/modulos/comentarios/lib/ComentariosAdmin.php'
Replicando directorio `gcm/modulos/comentarios/modelos'
Replicando directorio `gcm/modulos/contenidos'
Borrando archivo antiguo `gcm/modulos/contenidos/eventos_admin.php'
Enviando archivo `gcm/modulos/contenidos/eventos_admin.php'
Borrando archivo antiguo `gcm/modulos/contenidos/eventos_usuario.php'
Enviando archivo `gcm/modulos/contenidos/eventos_usuario.php'
Borrando archivo antiguo `gcm/modulos/contenidos/menuAdmin.php'
Enviando archivo `gcm/modulos/contenidos/menuAdmin.php'
Replicando directorio `gcm/modulos/contenidos/config'
Borrando archivo antiguo `gcm/modulos/contenidos/config/config.php'
Enviando archivo `gcm/modulos/contenidos/config/config.php'
Borrando archivo antiguo `gcm/modulos/contenidos/config/config_es.php'
Enviando archivo `gcm/modulos/contenidos/config/config_es.php'
Replicando directorio `gcm/modulos/contenidos/css'
Replicando directorio `gcm/modulos/contenidos/html'
Borrando archivo antiguo `gcm/modulos/contenidos/html/_form_contenido.html'
Enviando archivo `gcm/modulos/contenidos/html/_form_contenido.html'
Borrando archivo antiguo `gcm/modulos/contenidos/html/_form_secciones.html'
Enviando archivo `gcm/modulos/contenidos/html/_form_secciones.html'
Borrando archivo antiguo `gcm/modulos/contenidos/html/_form_titulo.html'
Enviando archivo `gcm/modulos/contenidos/html/_form_titulo.html'
Borrando archivo antiguo `gcm/modulos/contenidos/html/_form_titulo_seccion.html'
Enviando archivo `gcm/modulos/contenidos/html/_form_titulo_seccion.html'
Borrando archivo antiguo `gcm/modulos/contenidos/html/avisos.html'
Enviando archivo `gcm/modulos/contenidos/html/avisos.html'
Borrando archivo antiguo `gcm/modulos/contenidos/html/camino.html'
Enviando archivo `gcm/modulos/contenidos/html/camino.html'
Borrando archivo antiguo `gcm/modulos/contenidos/html/form_borrar.html'
Enviando archivo `gcm/modulos/contenidos/html/form_borrar.html'
Borrando archivo antiguo `gcm/modulos/contenidos/html/form_editar.html'
Enviando archivo `gcm/modulos/contenidos/html/form_editar.html'
Borrando archivo antiguo `gcm/modulos/contenidos/html/form_guardar_como.html'
Enviando archivo `gcm/modulos/contenidos/html/form_guardar_como.html'
Borrando archivo antiguo `gcm/modulos/contenidos/html/form_mover.html'
Enviando archivo `gcm/modulos/contenidos/html/form_mover.html'
Borrando archivo antiguo `gcm/modulos/contenidos/html/form_mover_seccion.html'
Enviando archivo `gcm/modulos/contenidos/html/form_mover_seccion.html'
Borrando archivo antiguo `gcm/modulos/contenidos/html/form_nueva_seccion.html'
Enviando archivo `gcm/modulos/contenidos/html/form_nueva_seccion.html'
Borrando archivo antiguo `gcm/modulos/contenidos/html/form_nuevo.html'
Enviando archivo `gcm/modulos/contenidos/html/form_nuevo.html'
Borrando archivo antiguo `gcm/modulos/contenidos/html/listar_contenido_seccion.html'
Enviando archivo `gcm/modulos/contenidos/html/listar_contenido_seccion.html'
Borrando archivo antiguo `gcm/modulos/contenidos/html/titulo_articulo.html'
Enviando archivo `gcm/modulos/contenidos/html/titulo_articulo.html'
Borrando archivo antiguo `gcm/modulos/contenidos/html/traducir.html'
Enviando archivo `gcm/modulos/contenidos/html/traducir.html'
Borrando archivo antiguo `gcm/modulos/contenidos/html/vertodo.html'
Enviando archivo `gcm/modulos/contenidos/html/vertodo.html'
lunes 18 de noviembre del 2013 total_archivos_bloqueados: 
Replicando directorio `gcm/modulos/contenidos/lib'
Borrando archivo antiguo `gcm/modulos/contenidos/lib/.ContenidosAbstract.php.swp'
Enviando archivo `gcm/modulos/contenidos/lib/.ContenidosAbstract.php.swp'
Replicando directorio `gcm/modulos/contenidos/test'
Replicando directorio `gcm/modulos/descargables'
Borrando archivo antiguo `gcm/modulos/descargables/eventos_usuario.php'
Enviando archivo `gcm/modulos/descargables/eventos_usuario.php'
Replicando directorio `gcm/modulos/descargables/css'
Replicando directorio `gcm/modulos/descargables/geshicss'
Replicando directorio `gcm/modulos/descargables/html'
Borrando archivo antiguo `gcm/modulos/descargables/html/codigo_decorado.html'
Enviando archivo `gcm/modulos/descargables/html/codigo_decorado.html'
Borrando archivo antiguo `gcm/modulos/descargables/html/descargables.html'
Enviando archivo `gcm/modulos/descargables/html/descargables.html'
Borrando archivo antiguo `gcm/modulos/descargables/html/presentar_codigo.html'
Enviando archivo `gcm/modulos/descargables/html/presentar_codigo.html'
Replicando directorio `gcm/modulos/descargables/js'
Replicando directorio `gcm/modulos/descargables/lib'
Replicando directorio `gcm/modulos/editar'
Borrando archivo antiguo `gcm/modulos/editar/eventos_admin.php'
Enviando archivo `gcm/modulos/editar/eventos_admin.php'
Borrando archivo antiguo `gcm/modulos/editar/menuAdmin.php'
Enviando archivo `gcm/modulos/editar/menuAdmin.php'
Replicando directorio `gcm/modulos/editar/html'
Borrando archivo antiguo `gcm/modulos/editar/html/form_insertar_email.html'
Enviando archivo `gcm/modulos/editar/html/form_insertar_email.html'
Replicando directorio `gcm/modulos/editar/js'
Replicando directorio `gcm/modulos/editar/lib'
Replicando directorio `gcm/modulos/enviomail'
Borrando archivo antiguo `gcm/modulos/enviomail/eventos_admin.php'
Enviando archivo `gcm/modulos/enviomail/eventos_admin.php'
Borrando archivo antiguo `gcm/modulos/enviomail/eventos_usuario.php'
Enviando archivo `gcm/modulos/enviomail/eventos_usuario.php'
Replicando directorio `gcm/modulos/enviomail/html'
Borrando archivo antiguo `gcm/modulos/enviomail/html/form_enviomail.html'
Enviando archivo `gcm/modulos/enviomail/html/form_enviomail.html'
Borrando archivo antiguo `gcm/modulos/enviomail/html/mail.html'
Enviando archivo `gcm/modulos/enviomail/html/mail.html'
Replicando directorio `gcm/modulos/enviomail/lib'
Replicando directorio `gcm/modulos/gdoxygen'
Borrando archivo antiguo `gcm/modulos/gdoxygen/eventos_admin.php'
Enviando archivo `gcm/modulos/gdoxygen/eventos_admin.php'
Borrando archivo antiguo `gcm/modulos/gdoxygen/eventos_usuario.php'
Enviando archivo `gcm/modulos/gdoxygen/eventos_usuario.php'
Replicando directorio `gcm/modulos/gdoxygen/js'
Replicando directorio `gcm/modulos/gdoxygen/lib'
Replicando directorio `gcm/modulos/idiomas'
Borrando archivo antiguo `gcm/modulos/idiomas/eventos_usuario.php'
Enviando archivo `gcm/modulos/idiomas/eventos_usuario.php'
Borrando archivo antiguo `gcm/modulos/idiomas/menuAdmin.php'
Enviando archivo `gcm/modulos/idiomas/menuAdmin.php'
Replicando directorio `gcm/modulos/idiomas/config'
Borrando archivo antiguo `gcm/modulos/idiomas/config/config.php'
Enviando archivo `gcm/modulos/idiomas/config/config.php'
Borrando archivo antiguo `gcm/modulos/idiomas/config/config_es.php'
Enviando archivo `gcm/modulos/idiomas/config/config_es.php'
Replicando directorio `gcm/modulos/idiomas/css'
Replicando directorio `gcm/modulos/idiomas/html'
Borrando archivo antiguo `gcm/modulos/idiomas/html/banderas.html'
Enviando archivo `gcm/modulos/idiomas/html/banderas.html'
Borrando archivo antiguo `gcm/modulos/idiomas/html/form_idiomas.html'
Enviando archivo `gcm/modulos/idiomas/html/form_idiomas.html'
Replicando directorio `gcm/modulos/idiomas/img'
